\BOOKMARK [0][-]{section*.1}{Thesis Approval Sheet }{}% 1
\BOOKMARK [0][-]{section*.3}{Acknowledgment}{}% 2
\BOOKMARK [0][-]{section*.5}{Abstract}{}% 3
\BOOKMARK [0][-]{section*.7}{Table of Contents}{}% 4
\BOOKMARK [0][-]{section*.8}{List of Figures}{}% 5
\BOOKMARK [0][-]{section*.9}{List of Tables}{}% 6
\BOOKMARK [0][-]{section*.10}{Abbreviations}{}% 7
\BOOKMARK [0][-]{section*.12}{Notation}{}% 8
\BOOKMARK [0][-]{section*.14}{Glossary}{}% 9
\BOOKMARK [0][-]{section*.16}{Listings}{}% 10
\BOOKMARK [0][-]{chapter.1}{Introduction}{}% 11
\BOOKMARK [1][-]{section.1.1}{Background of the Study}{chapter.1}% 12
\BOOKMARK [1][-]{section.1.2}{Prior Studies}{chapter.1}% 13
\BOOKMARK [1][-]{section.1.3}{Problem Statement}{chapter.1}% 14
\BOOKMARK [1][-]{section.1.4}{Objectives}{chapter.1}% 15
\BOOKMARK [2][-]{subsection.1.4.1}{General Objective\(s\)}{section.1.4}% 16
\BOOKMARK [2][-]{subsection.1.4.2}{Specific Objectives}{section.1.4}% 17
\BOOKMARK [1][-]{section.1.5}{Significance of the Study}{chapter.1}% 18
\BOOKMARK [1][-]{section.1.6}{Assumptions, Scope and Delimitations}{chapter.1}% 19
\BOOKMARK [2][-]{subsection.1.6.1}{Assumptions}{section.1.6}% 20
\BOOKMARK [2][-]{subsection.1.6.2}{Scope}{section.1.6}% 21
\BOOKMARK [2][-]{subsection.1.6.3}{Delimitations}{section.1.6}% 22
\BOOKMARK [1][-]{section.1.7}{Description and Methodology of the Thesis}{chapter.1}% 23
\BOOKMARK [1][-]{section.1.8}{Overview of the Thesis}{chapter.1}% 24
\BOOKMARK [0][-]{chapter.2}{Literature Review}{}% 25
\BOOKMARK [1][-]{section.2.1}{Existing Work}{chapter.2}% 26
\BOOKMARK [1][-]{section.2.2}{Lacking in the Approaches}{chapter.2}% 27
\BOOKMARK [1][-]{section.2.3}{Summary}{chapter.2}% 28
\BOOKMARK [0][-]{chapter.3}{Theoretical Considerations}{}% 29
\BOOKMARK [1][-]{section.3.1}{Summary}{chapter.3}% 30
\BOOKMARK [0][-]{chapter.4}{Design Considerations}{}% 31
\BOOKMARK [1][-]{section.4.1}{Summary}{chapter.4}% 32
\BOOKMARK [0][-]{chapter.5}{Methodology}{}% 33
\BOOKMARK [1][-]{section.5.1}{Implementation}{chapter.5}% 34
\BOOKMARK [1][-]{section.5.2}{Evaluation}{chapter.5}% 35
\BOOKMARK [1][-]{section.5.3}{Summary}{chapter.5}% 36
\BOOKMARK [0][-]{chapter.6}{Results and Discussions}{}% 37
\BOOKMARK [1][-]{section.6.1}{Summary}{chapter.6}% 38
\BOOKMARK [0][-]{chapter.7}{Conclusions, Recommendations, and Future Directives}{}% 39
\BOOKMARK [1][-]{section.7.1}{Concluding Remarks}{chapter.7}% 40
\BOOKMARK [1][-]{section.7.2}{Contributions}{chapter.7}% 41
\BOOKMARK [1][-]{section.7.3}{Recommendations}{chapter.7}% 42
\BOOKMARK [1][-]{section.7.4}{Future Prospects}{chapter.7}% 43
\BOOKMARK [0][-]{chapter*.18}{References}{}% 44
\BOOKMARK [0][-]{appendix.A}{Student Research Ethics Clearance}{}% 45
\BOOKMARK [0][-]{appendix.B}{Answers to Questions to this Thesis}{}% 46
\BOOKMARK [0][-]{appendix.C}{Revisions to the Proposal}{}% 47
\BOOKMARK [0][-]{appendix.D}{Revisions to the Final}{}% 48
\BOOKMARK [0][-]{appendix.E}{Usage Examples}{}% 49
\BOOKMARK [1][-]{section.E.1}{Equations}{appendix.E}% 50
\BOOKMARK [1][-]{section.E.2}{Notations}{appendix.E}% 51
\BOOKMARK [2][-]{subsection.E.2.1}{Math alphabets}{section.E.2}% 52
\BOOKMARK [2][-]{subsection.E.2.2}{Vector symbols}{section.E.2}% 53
\BOOKMARK [2][-]{subsection.E.2.3}{Matrix symbols}{section.E.2}% 54
\BOOKMARK [2][-]{subsection.E.2.4}{Tensor symbols}{section.E.2}% 55
\BOOKMARK [2][-]{subsection.E.2.5}{Bold math version}{section.E.2}% 56
\BOOKMARK [3][-]{subsubsection.E.2.5.1}{Vector symbols}{subsection.E.2.5}% 57
\BOOKMARK [3][-]{subsubsection.E.2.5.2}{Matrix symbols}{subsection.E.2.5}% 58
\BOOKMARK [3][-]{subsubsection.E.2.5.3}{Tensor symbols}{subsection.E.2.5}% 59
\BOOKMARK [1][-]{section.E.3}{Abbreviation}{appendix.E}% 60
\BOOKMARK [1][-]{section.E.4}{Glossary}{appendix.E}% 61
\BOOKMARK [1][-]{section.E.5}{Figure}{appendix.E}% 62
\BOOKMARK [1][-]{section.E.6}{Table}{appendix.E}% 63
\BOOKMARK [1][-]{section.E.7}{Algorithm or Pseudocode Listing}{appendix.E}% 64
\BOOKMARK [1][-]{section.E.8}{Program/Code Listing}{appendix.E}% 65
\BOOKMARK [1][-]{section.E.9}{Referencing}{appendix.E}% 66
\BOOKMARK [2][-]{subsection.E.9.1}{A subsection}{section.E.9}% 67
\BOOKMARK [3][-]{subsubsection.E.9.1.1}{A sub-subsection}{subsection.E.9.1}% 68
\BOOKMARK [1][-]{section.E.10}{Citing}{appendix.E}% 69
\BOOKMARK [2][-]{subsection.E.10.1}{Books}{section.E.10}% 70
\BOOKMARK [2][-]{subsection.E.10.2}{Booklets}{section.E.10}% 71
\BOOKMARK [2][-]{subsection.E.10.3}{Proceedings}{section.E.10}% 72
\BOOKMARK [2][-]{subsection.E.10.4}{In books}{section.E.10}% 73
\BOOKMARK [2][-]{subsection.E.10.5}{In proceedings}{section.E.10}% 74
\BOOKMARK [2][-]{subsection.E.10.6}{Journals}{section.E.10}% 75
\BOOKMARK [2][-]{subsection.E.10.7}{Theses/dissertations}{section.E.10}% 76
\BOOKMARK [2][-]{subsection.E.10.8}{Technical Reports and Others}{section.E.10}% 77
\BOOKMARK [2][-]{subsection.E.10.9}{Miscellaneous}{section.E.10}% 78
\BOOKMARK [1][-]{section.E.11}{Index}{appendix.E}% 79
\BOOKMARK [1][-]{section.E.12}{Adding Relevant PDF Pages}{appendix.E}% 80
\BOOKMARK [0][-]{appendix.F}{Vita}{}% 81
